<?xml version="1.0" encoding="UTF-8"?>
<!-- Generated by org.testng.reporters.JUnitReportReporter -->
<testsuite hostname="Abilash" failures="0" tests="1" name="com.webstar.testcases.TC001_SearchAndCartPage" time="24.365" errors="0" timestamp="2024-01-07T18:50:19 EST" skipped="0">
  <testcase classname="com.webstar.testcases.TC001_SearchAndCartPage" name="scenario" time="24.365"/>
</testsuite> <!-- com.webstar.testcases.TC001_SearchAndCartPage -->
